Using pre-set license
Built from '2020.3/release' branch; Version is '2020.3.1f1 (77a89f25062f) revision 7841951'; Using compiler version '192528614'; Build Type 'Release'
OS: 'Windows 10 Home; OS build 19041.867; Version 2004; 64bit' Language: 'it' Physical Memory: 8108 MB
BatchMode: 1, IsHumanControllingUs: 0, StartBugReporterOnCrash: 0, Is64bit: 1, IsPro: 0

 COMMAND LINE ARGUMENTS:
C:\Program Files\Unity\Hub\Editor\2020.3.1f1\Editor\Unity.exe
-adb2
-batchMode
-noUpm
-name
AssetImportWorker0
-projectPath
C:/Users/corva/Desktop/Progetti/T7F-BattleSimulator/BattleSimulator_src
-logFile
Logs/AssetImportWorker0.log
-srvPort
63358
Successfully changed project path to: C:/Users/corva/Desktop/Progetti/T7F-BattleSimulator/BattleSimulator_src
C:/Users/corva/Desktop/Progetti/T7F-BattleSimulator/BattleSimulator_src
Using Asset Import Pipeline V2.
Refreshing native plugins compatible for Editor in 122.47 ms, found 1 plugins.
Preloading 0 native plugins for Editor in 0.00 ms.
Initialize engine version: 2020.3.1f1 (77a89f25062f)
[Subsystems] Discovering subsystems at path C:/Program Files/Unity/Hub/Editor/2020.3.1f1/Editor/Data/Resources/UnitySubsystems
[Subsystems] Discovering subsystems at path C:/Users/corva/Desktop/Progetti/T7F-BattleSimulator/BattleSimulator_src/Assets
GfxDevice: creating device client; threaded=0
Direct3D:
    Version:  Direct3D 11.0 [level 11.1]
    Renderer: Intel(R) UHD Graphics 620 (ID=0x5917)
    Vendor:   
    VRAM:     4054 MB
    Driver:   26.20.100.7637
Initialize mono
Mono path[0] = 'C:/Program Files/Unity/Hub/Editor/2020.3.1f1/Editor/Data/Managed'
Mono path[1] = 'C:/Program Files/Unity/Hub/Editor/2020.3.1f1/Editor/Data/MonoBleedingEdge/lib/mono/unityjit'
Mono config path = 'C:/Program Files/Unity/Hub/Editor/2020.3.1f1/Editor/Data/MonoBleedingEdge/etc'
Using monoOptions --debugger-agent=transport=dt_socket,embedding=1,server=y,suspend=n,address=127.0.0.1:56404
Begin MonoManager ReloadAssembly
Registering precompiled unity dll's ...
Register platform support module: C:/Program Files/Unity/Hub/Editor/2020.3.1f1/Editor/Data/PlaybackEngines/WindowsStandaloneSupport/UnityEditor.WindowsStandalone.Extensions.dll
Registered in 0.003457 seconds.
Native extension for WindowsStandalone target not found
Refreshing native plugins compatible for Editor in 77.89 ms, found 1 plugins.
Preloading 0 native plugins for Editor in 0.00 ms.
Invoked RoslynAnalysisRunner static constructor.
RoslynAnalysisRunner will not be running.
RoslynAnalysisRunner has terminated.
Mono: successfully reloaded assembly
- Completed reload, in  4.968 seconds
Platform modules already initialized, skipping
Registering precompiled user dll's ...
Registered in 0.002456 seconds.
Begin MonoManager ReloadAssembly
Native extension for WindowsStandalone target not found
Refreshing native plugins compatible for Editor in 69.98 ms, found 1 plugins.
Preloading 0 native plugins for Editor in 0.00 ms.
Invoked RoslynAnalysisRunner static constructor.
RoslynAnalysisRunner will not be running.
RoslynAnalysisRunner has terminated.
Mono: successfully reloaded assembly
- Completed reload, in  1.942 seconds
Platform modules already initialized, skipping
========================================================================
Worker process is ready to serve import requests
Launched and connected shader compiler UnityShaderCompiler.exe after 0.09 seconds
Refreshing native plugins compatible for Editor in 0.49 ms, found 1 plugins.
Preloading 0 native plugins for Editor in 0.00 ms.
Unloading 1810 Unused Serialized files (Serialized files now loaded: 0)
System memory in use before: 84.6 MB.
System memory in use after: 84.6 MB.

Unloading 24 unused Assets to reduce memory usage. Loaded Objects now: 2252.
Total: 3.388400 ms (FindLiveObjects: 0.403000 ms CreateObjectMapping: 0.171200 ms MarkObjects: 2.605000 ms  DeleteObjects: 0.206300 ms)

========================================================================
Received Import Request.
  path: Assets/PM_DB/template/Pokémon.cs
  artifactKey: Guid(ce19040a328bf3f4cbd88abefff82fcd) Importer(815301076,1909f56bfc062723c751e8b465ee728b)
Start importing Assets/PM_DB/template/Pokémon.cs using Guid(ce19040a328bf3f4cbd88abefff82fcd) Importer(815301076,1909f56bfc062723c751e8b465ee728b)  -> (artifact id: '9eb7c720612d05d0f3cafd7ea7a1f3a7') in 0.073750 seconds
  Import took 0.080337 seconds .

========================================================================
Received Import Request.
  Time since last request: 355.932277 seconds.
  path: Assets/PM_DB/template/Pokémon.cs
  artifactKey: Guid(ce19040a328bf3f4cbd88abefff82fcd) Importer(815301076,1909f56bfc062723c751e8b465ee728b)
Start importing Assets/PM_DB/template/Pokémon.cs using Guid(ce19040a328bf3f4cbd88abefff82fcd) Importer(815301076,1909f56bfc062723c751e8b465ee728b)  -> (artifact id: '8a539966e12d81e5c83ab5ee2da65e36') in 0.014191 seconds
  Import took 0.026362 seconds .

========================================================================
Received Import Request.
  Time since last request: 0.318490 seconds.
  path: Assets/PM_DB/template/Pokémon.cs
  artifactKey: Guid(ce19040a328bf3f4cbd88abefff82fcd) Importer(815301076,1909f56bfc062723c751e8b465ee728b)
Start importing Assets/PM_DB/template/Pokémon.cs using Guid(ce19040a328bf3f4cbd88abefff82fcd) Importer(815301076,1909f56bfc062723c751e8b465ee728b)  -> (artifact id: '8a539966e12d81e5c83ab5ee2da65e36') in 0.019230 seconds
  Import took 0.038418 seconds .

========================================================================
Received Prepare
Registering precompiled user dll's ...
Registered in 0.001630 seconds.
Begin MonoManager ReloadAssembly
Native extension for WindowsStandalone target not found
Refreshing native plugins compatible for Editor in 1.15 ms, found 1 plugins.
Preloading 0 native plugins for Editor in 0.00 ms.
Invoked RoslynAnalysisRunner static constructor.
RoslynAnalysisRunner will not be running.
RoslynAnalysisRunner has terminated.
Mono: successfully reloaded assembly
- Completed reload, in  3.545 seconds
Platform modules already initialized, skipping
Refreshing native plugins compatible for Editor in 0.74 ms, found 1 plugins.
Preloading 0 native plugins for Editor in 0.00 ms.
Unloading 1805 Unused Serialized files (Serialized files now loaded: 0)
System memory in use before: 84.6 MB.
System memory in use after: 84.6 MB.

Unloading 12 unused Assets to reduce memory usage. Loaded Objects now: 2256.
Total: 6.083900 ms (FindLiveObjects: 0.425600 ms CreateObjectMapping: 0.216800 ms MarkObjects: 4.899600 ms  DeleteObjects: 0.537200 ms)

AssetImportWorkerClient::OnTransportError - code=2 error=End of file
