Using pre-set license
Built from '2020.3/release' branch; Version is '2020.3.1f1 (77a89f25062f) revision 7841951'; Using compiler version '192528614'; Build Type 'Release'
OS: 'Windows 10 Home; OS build 19041.867; Version 2004; 64bit' Language: 'it' Physical Memory: 8108 MB
BatchMode: 1, IsHumanControllingUs: 0, StartBugReporterOnCrash: 0, Is64bit: 1, IsPro: 0

 COMMAND LINE ARGUMENTS:
C:\Program Files\Unity\Hub\Editor\2020.3.1f1\Editor\Unity.exe
-adb2
-batchMode
-noUpm
-name
AssetImportWorker0
-projectPath
C:/Users/corva/Desktop/Progetti/T7F-BattleSimulator/BattleSimulator_src
-logFile
Logs/AssetImportWorker0.log
-srvPort
62465
Successfully changed project path to: C:/Users/corva/Desktop/Progetti/T7F-BattleSimulator/BattleSimulator_src
C:/Users/corva/Desktop/Progetti/T7F-BattleSimulator/BattleSimulator_src
Using Asset Import Pipeline V2.
Refreshing native plugins compatible for Editor in 115.18 ms, found 1 plugins.
Preloading 0 native plugins for Editor in 0.00 ms.
Initialize engine version: 2020.3.1f1 (77a89f25062f)
[Subsystems] Discovering subsystems at path C:/Program Files/Unity/Hub/Editor/2020.3.1f1/Editor/Data/Resources/UnitySubsystems
[Subsystems] Discovering subsystems at path C:/Users/corva/Desktop/Progetti/T7F-BattleSimulator/BattleSimulator_src/Assets
GfxDevice: creating device client; threaded=0
Direct3D:
    Version:  Direct3D 11.0 [level 11.1]
    Renderer: Intel(R) UHD Graphics 620 (ID=0x5917)
    Vendor:   
    VRAM:     4054 MB
    Driver:   26.20.100.7637
Initialize mono
Mono path[0] = 'C:/Program Files/Unity/Hub/Editor/2020.3.1f1/Editor/Data/Managed'
Mono path[1] = 'C:/Program Files/Unity/Hub/Editor/2020.3.1f1/Editor/Data/MonoBleedingEdge/lib/mono/unityjit'
Mono config path = 'C:/Program Files/Unity/Hub/Editor/2020.3.1f1/Editor/Data/MonoBleedingEdge/etc'
Using monoOptions --debugger-agent=transport=dt_socket,embedding=1,server=y,suspend=n,address=127.0.0.1:56528
Begin MonoManager ReloadAssembly
Registering precompiled unity dll's ...
Register platform support module: C:/Program Files/Unity/Hub/Editor/2020.3.1f1/Editor/Data/PlaybackEngines/WindowsStandaloneSupport/UnityEditor.WindowsStandalone.Extensions.dll
Registered in 0.008563 seconds.
Native extension for WindowsStandalone target not found
Refreshing native plugins compatible for Editor in 112.02 ms, found 1 plugins.
Preloading 0 native plugins for Editor in 0.00 ms.
Invoked RoslynAnalysisRunner static constructor.
RoslynAnalysisRunner will not be running.
RoslynAnalysisRunner has terminated.
Mono: successfully reloaded assembly
- Completed reload, in  6.299 seconds
Platform modules already initialized, skipping
Registering precompiled user dll's ...
Registered in 0.003395 seconds.
Begin MonoManager ReloadAssembly
Native extension for WindowsStandalone target not found
Refreshing native plugins compatible for Editor in 124.26 ms, found 1 plugins.
Preloading 0 native plugins for Editor in 0.00 ms.
Invoked RoslynAnalysisRunner static constructor.
RoslynAnalysisRunner will not be running.
RoslynAnalysisRunner has terminated.
Mono: successfully reloaded assembly
- Completed reload, in  2.865 seconds
Platform modules already initialized, skipping
========================================================================
Worker process is ready to serve import requests
Launched and connected shader compiler UnityShaderCompiler.exe after 0.09 seconds
Refreshing native plugins compatible for Editor in 0.80 ms, found 1 plugins.
Preloading 0 native plugins for Editor in 0.00 ms.
Unloading 1810 Unused Serialized files (Serialized files now loaded: 0)
System memory in use before: 84.6 MB.
System memory in use after: 84.6 MB.

Unloading 24 unused Assets to reduce memory usage. Loaded Objects now: 2252.
Total: 6.487000 ms (FindLiveObjects: 0.656800 ms CreateObjectMapping: 0.315800 ms MarkObjects: 5.163400 ms  DeleteObjects: 0.347000 ms)

========================================================================
Received Import Request.
  path: Assets/Scenes
  artifactKey: Guid(7ac8be25e2b393543a765252edb91516) Importer(815301076,1909f56bfc062723c751e8b465ee728b)
Start importing Assets/Scenes using Guid(7ac8be25e2b393543a765252edb91516) Importer(815301076,1909f56bfc062723c751e8b465ee728b)  -> (artifact id: '6b2c243eb6c8b5f1900d8a2fe4f070a5') in 0.021397 seconds
  Import took 0.028529 seconds .

========================================================================
Received Import Request.
  Time since last request: 178.486588 seconds.
  path: Assets/sprite5gen
  artifactKey: Guid(d3b7260006d6baf4b8b94258063089fe) Importer(815301076,1909f56bfc062723c751e8b465ee728b)
Start importing Assets/sprite5gen using Guid(d3b7260006d6baf4b8b94258063089fe) Importer(815301076,1909f56bfc062723c751e8b465ee728b)  -> (artifact id: '17bf24779a36a2cb4353c48bab5eef3d') in 0.040271 seconds
  Import took 0.054423 seconds .

========================================================================
Received Import Request.
  Time since last request: 5467.410192 seconds.
  path: Assets/PM_DB/Mosse/Azione.asset
  artifactKey: Guid(b227d725c093a8f4f9d6a4bd40c8db6d) Importer(815301076,1909f56bfc062723c751e8b465ee728b)
Start importing Assets/PM_DB/Mosse/Azione.asset using Guid(b227d725c093a8f4f9d6a4bd40c8db6d) Importer(815301076,1909f56bfc062723c751e8b465ee728b)  -> (artifact id: 'b6b91cf8710295fe9c2fcfef99d2402d') in 0.118118 seconds
  Import took 0.128112 seconds .

========================================================================
Received Import Request.
  Time since last request: 8.365676 seconds.
  path: Assets/PM_DB/Tipi/Elettro.asset
  artifactKey: Guid(bb4ba73c9837b764b98e4d83b4cda9e2) Importer(815301076,1909f56bfc062723c751e8b465ee728b)
Start importing Assets/PM_DB/Tipi/Elettro.asset using Guid(bb4ba73c9837b764b98e4d83b4cda9e2) Importer(815301076,1909f56bfc062723c751e8b465ee728b)  -> (artifact id: '43fd66a687a15d40b543dccfdd61057b') in 0.093443 seconds
  Import took 0.115021 seconds .

========================================================================
Received Prepare
Registering precompiled user dll's ...
Registered in 0.004810 seconds.
Begin MonoManager ReloadAssembly
Native extension for WindowsStandalone target not found
Refreshing native plugins compatible for Editor in 0.74 ms, found 1 plugins.
Preloading 0 native plugins for Editor in 0.00 ms.
Invoked RoslynAnalysisRunner static constructor.
RoslynAnalysisRunner will not be running.
RoslynAnalysisRunner has terminated.
Mono: successfully reloaded assembly
- Completed reload, in  2.591 seconds
Platform modules already initialized, skipping
Refreshing native plugins compatible for Editor in 0.93 ms, found 1 plugins.
Preloading 0 native plugins for Editor in 0.00 ms.
Unloading 1805 Unused Serialized files (Serialized files now loaded: 0)
System memory in use before: 84.6 MB.
System memory in use after: 84.6 MB.

Unloading 12 unused Assets to reduce memory usage. Loaded Objects now: 2256.
Total: 7.557800 ms (FindLiveObjects: 0.669300 ms CreateObjectMapping: 0.299800 ms MarkObjects: 6.186100 ms  DeleteObjects: 0.398500 ms)

========================================================================
Received Import Request.
  Time since last request: 704.474581 seconds.
  path: Assets/PM_DB/Mosse/Foglielama.asset
  artifactKey: Guid(fb248fcd1ce27e247a91d9dd9bdb2bb6) Importer(815301076,1909f56bfc062723c751e8b465ee728b)
Start importing Assets/PM_DB/Mosse/Foglielama.asset using Guid(fb248fcd1ce27e247a91d9dd9bdb2bb6) Importer(815301076,1909f56bfc062723c751e8b465ee728b)  -> (artifact id: 'de5cc838cb4e2f90c6b2b83e1ffa3158') in 0.141397 seconds
  Import took 0.159415 seconds .

========================================================================
Received Import Request.
  Time since last request: 2.392641 seconds.
  path: Assets/PM_DB/Mosse/Braciere.asset
  artifactKey: Guid(ddca832282c332b4387d6a3fe08341db) Importer(815301076,1909f56bfc062723c751e8b465ee728b)
Start importing Assets/PM_DB/Mosse/Braciere.asset using Guid(ddca832282c332b4387d6a3fe08341db) Importer(815301076,1909f56bfc062723c751e8b465ee728b)  -> (artifact id: 'f936b3c841b8245ec46ffcc7f04296fc') in 0.034472 seconds
  Import took 0.043760 seconds .

========================================================================
Received Import Request.
  Time since last request: 285.752329 seconds.
  path: Assets/PM_DB/Mosse/Pistolacqua.asset
  artifactKey: Guid(882d5858589fc484998dbf4d6070a045) Importer(815301076,1909f56bfc062723c751e8b465ee728b)
Start importing Assets/PM_DB/Mosse/Pistolacqua.asset using Guid(882d5858589fc484998dbf4d6070a045) Importer(815301076,1909f56bfc062723c751e8b465ee728b)  -> (artifact id: '9c6f3e679228196a8bc3e99deaee4c0a') in 0.049454 seconds
  Import took 0.062114 seconds .

========================================================================
Received Import Request.
  Time since last request: 2.507515 seconds.
  path: Assets/PM_DB/Mosse/Graffio.asset
  artifactKey: Guid(1d66fde4541d37d4d9996c38a75f460f) Importer(815301076,1909f56bfc062723c751e8b465ee728b)
Start importing Assets/PM_DB/Mosse/Graffio.asset using Guid(1d66fde4541d37d4d9996c38a75f460f) Importer(815301076,1909f56bfc062723c751e8b465ee728b)  -> (artifact id: 'ef2fdd0c8790d21180e66d3ce628072d') in 0.083503 seconds
  Import took 0.098588 seconds .

========================================================================
Received Import Request.
  Time since last request: 1.958846 seconds.
  path: Assets/PM_DB/Mosse/Foglielama.asset
  artifactKey: Guid(fb248fcd1ce27e247a91d9dd9bdb2bb6) Importer(815301076,1909f56bfc062723c751e8b465ee728b)
Start importing Assets/PM_DB/Mosse/Foglielama.asset using Guid(fb248fcd1ce27e247a91d9dd9bdb2bb6) Importer(815301076,1909f56bfc062723c751e8b465ee728b)  -> (artifact id: '3e42d38d27fb79c7dccf7114e8b0d651') in 0.061198 seconds
  Import took 0.073242 seconds .

========================================================================
Received Import Request.
  Time since last request: 2.536801 seconds.
  path: Assets/PM_DB/Mosse/Graffio.asset
  artifactKey: Guid(1d66fde4541d37d4d9996c38a75f460f) Importer(815301076,1909f56bfc062723c751e8b465ee728b)
Start importing Assets/PM_DB/Mosse/Graffio.asset using Guid(1d66fde4541d37d4d9996c38a75f460f) Importer(815301076,1909f56bfc062723c751e8b465ee728b)  -> (artifact id: '28eb0b791727fb22fb0aaf82ff1c295b') in 0.060461 seconds
  Import took 0.086252 seconds .

========================================================================
Received Import Request.
  Time since last request: 0.006388 seconds.
  path: Assets/PM_DB/Mosse/Graffio.asset
  artifactKey: Guid(1d66fde4541d37d4d9996c38a75f460f) Importer(815301076,1909f56bfc062723c751e8b465ee728b)
Start importing Assets/PM_DB/Mosse/Graffio.asset using Guid(1d66fde4541d37d4d9996c38a75f460f) Importer(815301076,1909f56bfc062723c751e8b465ee728b)  -> (artifact id: '28eb0b791727fb22fb0aaf82ff1c295b') in 0.059235 seconds
  Import took 0.073248 seconds .

========================================================================
Received Prepare
Registering precompiled user dll's ...
Registered in 0.002705 seconds.
Begin MonoManager ReloadAssembly
Native extension for WindowsStandalone target not found
Refreshing native plugins compatible for Editor in 0.75 ms, found 1 plugins.
Preloading 0 native plugins for Editor in 0.00 ms.
Invoked RoslynAnalysisRunner static constructor.
RoslynAnalysisRunner will not be running.
RoslynAnalysisRunner has terminated.
Mono: successfully reloaded assembly
- Completed reload, in  2.350 seconds
Platform modules already initialized, skipping
Refreshing native plugins compatible for Editor in 1.25 ms, found 1 plugins.
Preloading 0 native plugins for Editor in 0.00 ms.
Unloading 1805 Unused Serialized files (Serialized files now loaded: 0)
System memory in use before: 84.6 MB.
System memory in use after: 84.6 MB.

Unloading 12 unused Assets to reduce memory usage. Loaded Objects now: 2260.
Total: 5.435000 ms (FindLiveObjects: 0.436300 ms CreateObjectMapping: 0.279700 ms MarkObjects: 4.373000 ms  DeleteObjects: 0.341600 ms)

========================================================================
Received Prepare
Registering precompiled user dll's ...
Registered in 0.002165 seconds.
Begin MonoManager ReloadAssembly
Native extension for WindowsStandalone target not found
Refreshing native plugins compatible for Editor in 0.76 ms, found 1 plugins.
Preloading 0 native plugins for Editor in 0.00 ms.
Invoked RoslynAnalysisRunner static constructor.
RoslynAnalysisRunner will not be running.
RoslynAnalysisRunner has terminated.
Mono: successfully reloaded assembly
- Completed reload, in  2.482 seconds
Platform modules already initialized, skipping
Refreshing native plugins compatible for Editor in 1.26 ms, found 1 plugins.
Preloading 0 native plugins for Editor in 0.00 ms.
Unloading 1805 Unused Serialized files (Serialized files now loaded: 0)
System memory in use before: 84.6 MB.
System memory in use after: 84.6 MB.

Unloading 12 unused Assets to reduce memory usage. Loaded Objects now: 2264.
Total: 7.311500 ms (FindLiveObjects: 0.420700 ms CreateObjectMapping: 0.315900 ms MarkObjects: 6.266200 ms  DeleteObjects: 0.304600 ms)

========================================================================
Received Import Request.
  Time since last request: 844.177886 seconds.
  path: Assets/PM_DB/Pokémon/Nuovo pokémon.asset
  artifactKey: Guid(6245c5adf368c264b870ca94fff32465) Importer(815301076,1909f56bfc062723c751e8b465ee728b)
Start importing Assets/PM_DB/Pokémon/Nuovo pokémon.asset using Guid(6245c5adf368c264b870ca94fff32465) Importer(815301076,1909f56bfc062723c751e8b465ee728b)  -> (artifact id: '13d6310306f4de31390452423de67d9d') in 0.073406 seconds
  Import took 0.083840 seconds .

